<?xml version="1.0" encoding="UTF-8"?><testrun name="TestRunner" project="eclipse-workspace_BridgestoneTestNG" tests="1" started="1" failures="1" errors="0" ignored="0">
  <testsuite name="testRunner.TestRunner" time="6.76">
    <testsuite name="HomePage" time="6.76">
      <testcase name="Validate Home Page Layout" classname="HomePage" time="6.76">
        <failure>java.lang.AssertionError: Result expected:&lt;Shop for Tyres
By Vehicle&gt; but was:&lt;null&gt;&#13;
	at org.junit.Assert.fail(Assert.java:89)&#13;
	at org.junit.Assert.failNotEquals(Assert.java:835)&#13;
	at org.junit.Assert.assertEquals(Assert.java:120)&#13;
	at stepDefinitions.stepDefs.i_validate_the_are_present(stepDefs.java:37)&#13;
	at âœ½.I validate the "Shops for Tyres By Vehice" are present(file:///C:/eclipse-workspace_BridgestoneTestNG/eclipse-workspace_BridgestoneTestNG/./Features/HomePage.feature:9)&#13;
&#13;
</failure>
      </testcase>
    </testsuite>
  </testsuite>
</testrun>
