<?xml version="1.0" encoding="UTF-8"?><testrun name="TestRunner" project="eclipse-workspace_BridgestoneTestNG" tests="2" started="2" failures="0" errors="2" ignored="0">
  <testsuite name="testRunner.TestRunner" time="0.074">
    <testsuite name="HomePage" time="0.074">
      <testcase name="Validate Home Page Layout #1" classname="HomePage" time="0.062">
        <error>io.cucumber.junit.UndefinedStepException: The step 'I validate the outcome2' and 2 other step(s) are undefined.
You can implement these steps using the snippet(s) below:

@Then("I validate the outcome2")
public void i_validate_the_outcome2() {
    // Write code here that turns the phrase above into concrete actions
    throw new io.cucumber.java.PendingException();
}
@Then("I validate the outcome3")
public void i_validate_the_outcome3() {
    // Write code here that turns the phrase above into concrete actions
    throw new io.cucumber.java.PendingException();
}
@Then("I validate the outcome4")
public void i_validate_the_outcome4() {
    // Write code here that turns the phrase above into concrete actions
    throw new io.cucumber.java.PendingException();
}
&#13;
&#13;
</error>
      </testcase>
      <testcase name="Validate Home Page Layout #2" classname="HomePage" time="0.011">
        <error>io.cucumber.junit.UndefinedStepException: The step 'I validate the outcome2' and 2 other step(s) are undefined.
You can implement these steps using the snippet(s) below:

@Then("I validate the outcome2")
public void i_validate_the_outcome2() {
    // Write code here that turns the phrase above into concrete actions
    throw new io.cucumber.java.PendingException();
}
@Then("I validate the outcome3")
public void i_validate_the_outcome3() {
    // Write code here that turns the phrase above into concrete actions
    throw new io.cucumber.java.PendingException();
}
@Then("I validate the outcome4")
public void i_validate_the_outcome4() {
    // Write code here that turns the phrase above into concrete actions
    throw new io.cucumber.java.PendingException();
}
&#13;
&#13;
</error>
      </testcase>
    </testsuite>
  </testsuite>
</testrun>
