<?xml version="1.0" encoding="UTF-8"?><testrun name="TestRunner" project="eclipse-workspace_BridgestoneTestNG" tests="5" started="5" failures="4" errors="0" ignored="0">
  <testsuite name="testRunner.TestRunner" time="40.386">
    <testsuite name="HomePage" time="40.386">
      <testcase name="Validate Home Page Layout #1" classname="HomePage" time="8.829"/>
      <testcase name="Validate Home Page Layout #2" classname="HomePage" time="5.512">
        <failure>
          <expected>Shop for Tyres
By Tyre Size</expected>
          <actual>Shop for Tyres
By Vehicle</actual>
          org.junit.ComparisonFailure: Result expected:&lt;Shop for Tyres
By [Tyre Siz]e&gt; but was:&lt;Shop for Tyres
By [Vehicl]e&gt;&#13;
	at org.junit.Assert.assertEquals(Assert.java:117)&#13;
	at stepDefinitions.stepDefs.i_validate_the_are_present(stepDefs.java:37)&#13;
	at ✽.I validate the "Shop for Tyres
By Tyre Size" are present(file:///C:/eclipse-workspace_BridgestoneTestNG/eclipse-workspace_BridgestoneTestNG/./Features/HomePage.feature:9)&#13;
&#13;

        </failure>
      </testcase>
      <testcase name="Validate Home Page Layout #3" classname="HomePage" time="6.659">
        <failure>
          <expected>Shop for Tyres
By Brand</expected>
          <actual>Shop for Tyres
By Vehicle</actual>
          org.junit.ComparisonFailure: Result expected:&lt;Shop for Tyres
By [Brand]&gt; but was:&lt;Shop for Tyres
By [Vehicle]&gt;&#13;
	at org.junit.Assert.assertEquals(Assert.java:117)&#13;
	at stepDefinitions.stepDefs.i_validate_the_are_present(stepDefs.java:37)&#13;
	at ✽.I validate the "Shop for Tyres
By Brand" are present(file:///C:/eclipse-workspace_BridgestoneTestNG/eclipse-workspace_BridgestoneTestNG/./Features/HomePage.feature:9)&#13;
&#13;

        </failure>
      </testcase>
      <testcase name="Validate Home Page Layout #4" classname="HomePage" time="8.393">
        <failure>
          <expected>FIND A STORE</expected>
          <actual>Shop for Tyres
By Vehicle</actual>
          org.junit.ComparisonFailure: Result expected:&lt;[FIND A STORE]&gt; but was:&lt;[Shop for Tyres
By Vehicle]&gt;&#13;
	at org.junit.Assert.assertEquals(Assert.java:117)&#13;
	at stepDefinitions.stepDefs.i_validate_the_are_present(stepDefs.java:37)&#13;
	at ✽.I validate the "FIND A STORE" are present(file:///C:/eclipse-workspace_BridgestoneTestNG/eclipse-workspace_BridgestoneTestNG/./Features/HomePage.feature:9)&#13;
&#13;

        </failure>
      </testcase>
      <testcase name="Validate Home Page Layout #5" classname="HomePage" time="10.99">
        <failure>
          <expected>EN</expected>
          <actual>Shop for Tyres
By Vehicle</actual>
          org.junit.ComparisonFailure: Result expected:&lt;[EN]&gt; but was:&lt;[Shop for Tyres
By Vehicle]&gt;&#13;
	at org.junit.Assert.assertEquals(Assert.java:117)&#13;
	at stepDefinitions.stepDefs.i_validate_the_are_present(stepDefs.java:37)&#13;
	at ✽.I validate the "EN" are present(file:///C:/eclipse-workspace_BridgestoneTestNG/eclipse-workspace_BridgestoneTestNG/./Features/HomePage.feature:9)&#13;
&#13;

        </failure>
      </testcase>
    </testsuite>
  </testsuite>
</testrun>
