<?xml version="1.0" encoding="UTF-8"?><testrun name="TestRunner" project="eclipse-workspace_BridgestoneTestNG" tests="17" started="17" failures="0" errors="6" ignored="0">
  <testsuite name="testRunner.TestRunner" time="0.172">
    <testsuite name="HomePage" time="0.172">
      <testcase name="TC1-Validate Home Page Layout Top Navigation #1" classname="HomePage" time="0.059"/>
      <testcase name="TC1-Validate Home Page Layout Top Navigation #2" classname="HomePage" time="0.007"/>
      <testcase name="TC1-Validate Home Page Layout Top Navigation #3" classname="HomePage" time="0.004"/>
      <testcase name="TC1-Validate Home Page Layout Top Navigation #4" classname="HomePage" time="0.01"/>
      <testcase name="TC1-Validate Home Page Layout Top Navigation #5" classname="HomePage" time="0.005"/>
      <testcase name="TC2-Validate Home Page Layout Left Navigation #1" classname="HomePage" time="0.004"/>
      <testcase name="TC2-Validate Home Page Layout Left Navigation #2" classname="HomePage" time="0.004"/>
      <testcase name="TC2-Validate Home Page Layout Left Navigation #3" classname="HomePage" time="0.004"/>
      <testcase name="TC2-Validate Home Page Layout Left Navigation #4" classname="HomePage" time="0.004"/>
      <testcase name="TC2-Validate Home Page Layout Left Navigation #5" classname="HomePage" time="0.003"/>
      <testcase name="TC2-Validate Home Page Layout Left Navigation #6" classname="HomePage" time="0.006"/>
      <testcase name="TC3-Validate Home Page Footer Navigation #1" classname="HomePage" time="0.033">
        <error>io.cucumber.junit.UndefinedStepException: The step 'I validate the FooterBars "WHY BRIDGESTONE" is present' is undefined.
You can implement this step using the snippet(s) below:

@Then("I validate the FooterBars {string} is present")
public void i_validate_the_footer_bars_is_present(String string) {
    // Write code here that turns the phrase above into concrete actions
    throw new io.cucumber.java.PendingException();
}
&#13;
&#13;
</error>
      </testcase>
      <testcase name="TC3-Validate Home Page Footer Navigation #2" classname="HomePage" time="0.005">
        <error>io.cucumber.junit.UndefinedStepException: The step 'I validate the FooterBars "TYRE BRANDS" is present' is undefined.
You can implement this step using the snippet(s) below:

@Then("I validate the FooterBars {string} is present")
public void i_validate_the_footer_bars_is_present(String string) {
    // Write code here that turns the phrase above into concrete actions
    throw new io.cucumber.java.PendingException();
}
&#13;
&#13;
</error>
      </testcase>
      <testcase name="TC3-Validate Home Page Footer Navigation #3" classname="HomePage" time="0.008">
        <error>io.cucumber.junit.UndefinedStepException: The step 'I validate the FooterBars "TYRES CATALOGUE" is present' is undefined.
You can implement this step using the snippet(s) below:

@Then("I validate the FooterBars {string} is present")
public void i_validate_the_footer_bars_is_present(String string) {
    // Write code here that turns the phrase above into concrete actions
    throw new io.cucumber.java.PendingException();
}
&#13;
&#13;
</error>
      </testcase>
      <testcase name="TC3-Validate Home Page Footer Navigation #4" classname="HomePage" time="0.005">
        <error>io.cucumber.junit.UndefinedStepException: The step 'I validate the FooterBars "TYRE CLINIC" is present' is undefined.
You can implement this step using the snippet(s) below:

@Then("I validate the FooterBars {string} is present")
public void i_validate_the_footer_bars_is_present(String string) {
    // Write code here that turns the phrase above into concrete actions
    throw new io.cucumber.java.PendingException();
}
&#13;
&#13;
</error>
      </testcase>
      <testcase name="TC3-Validate Home Page Footer Navigation #5" classname="HomePage" time="0.005">
        <error>io.cucumber.junit.UndefinedStepException: The step 'I validate the FooterBars "MEDIA CENTRE" is present' is undefined.
You can implement this step using the snippet(s) below:

@Then("I validate the FooterBars {string} is present")
public void i_validate_the_footer_bars_is_present(String string) {
    // Write code here that turns the phrase above into concrete actions
    throw new io.cucumber.java.PendingException();
}
&#13;
&#13;
</error>
      </testcase>
      <testcase name="TC3-Validate Home Page Footer Navigation #6" classname="HomePage" time="0.003">
        <error>io.cucumber.junit.UndefinedStepException: The step 'I validate the FooterBars "SUPPORT" is present' is undefined.
You can implement this step using the snippet(s) below:

@Then("I validate the FooterBars {string} is present")
public void i_validate_the_footer_bars_is_present(String string) {
    // Write code here that turns the phrase above into concrete actions
    throw new io.cucumber.java.PendingException();
}
&#13;
&#13;
</error>
      </testcase>
    </testsuite>
  </testsuite>
</testrun>
