<?xml version="1.0" encoding="UTF-8"?><testrun name="TestRunner" project="eclipse-workspace_BridgestoneTestNG" tests="8" started="8" failures="1" errors="0" ignored="0">
  <testsuite name="testRunner.TestRunner" time="80.693">
    <testsuite name="HomePage" time="80.693">
      <testcase name="TC3-Validate Home Page Footer Navigation #1" classname="HomePage" time="10.411">
        <failure>java.lang.AssertionError&#13;
	at org.junit.Assert.fail(Assert.java:87)&#13;
	at org.junit.Assert.assertTrue(Assert.java:42)&#13;
	at org.junit.Assert.assertTrue(Assert.java:53)&#13;
	at stepDefinitions.stepDefs.i_validate_the_footer_bars_is_present(stepDefs.java:78)&#13;
	at âœ½.I validate the FooterBars "TYRES BY TYPE" is present(file:///C:/eclipse-workspace_BridgestoneTestNG/eclipse-workspace_BridgestoneTestNG/./Features/HomePage.feature:9)&#13;
&#13;
</failure>
      </testcase>
      <testcase name="TC3-Validate Home Page Footer Navigation #2" classname="HomePage" time="9.416"/>
      <testcase name="TC3-Validate Home Page Footer Navigation #3" classname="HomePage" time="10.142"/>
      <testcase name="TC3-Validate Home Page Footer Navigation #4" classname="HomePage" time="10.418"/>
      <testcase name="TC3-Validate Home Page Footer Navigation #5" classname="HomePage" time="13.77"/>
      <testcase name="TC3-Validate Home Page Footer Navigation #6" classname="HomePage" time="9.45"/>
      <testcase name="TC3-Validate Home Page Footer Navigation #7" classname="HomePage" time="9.026"/>
      <testcase name="TC3-Validate Home Page Footer Navigation #8" classname="HomePage" time="8.058"/>
    </testsuite>
  </testsuite>
</testrun>
