<?xml version="1.0" encoding="UTF-8"?><testrun name="TestRunner" project="eclipse-workspace_BridgestoneTestNG" tests="5" started="5" failures="1" errors="0" ignored="0">
  <testsuite name="testRunner.TestRunner" time="33.746">
    <testsuite name="HomePage" time="33.746">
      <testcase name="TC1-Validate Home Page Layout Top Navigation #1" classname="HomePage" time="10.244">
        <failure>java.lang.AssertionError&#13;
	at org.junit.Assert.fail(Assert.java:87)&#13;
	at org.junit.Assert.assertTrue(Assert.java:42)&#13;
	at org.junit.Assert.assertTrue(Assert.java:53)&#13;
	at stepDefinitions.stepDefs.i_validate_the_top_nav_bars_is_present(stepDefs.java:55)&#13;
	at âœ½.I validate the TopNavBars "Shop for Tyres
By Vehicless" is present(file:///C:/eclipse-workspace_BridgestoneTestNG/eclipse-workspace_BridgestoneTestNG/./Features/HomePage.feature:8)&#13;
&#13;
</failure>
      </testcase>
      <testcase name="TC1-Validate Home Page Layout Top Navigation #2" classname="HomePage" time="5.697"/>
      <testcase name="TC1-Validate Home Page Layout Top Navigation #3" classname="HomePage" time="5.512"/>
      <testcase name="TC1-Validate Home Page Layout Top Navigation #4" classname="HomePage" time="7.066"/>
      <testcase name="TC1-Validate Home Page Layout Top Navigation #5" classname="HomePage" time="5.226"/>
    </testsuite>
  </testsuite>
</testrun>
