<?xml version="1.0" encoding="UTF-8"?><testrun name="TestRunner" project="eclipse-workspace_BridgestoneTestNG" tests="2" started="2" failures="2" errors="0" ignored="0">
  <testsuite name="testRunner.TestRunner" time="18.315">
    <testsuite name="HomePage" time="18.315">
      <testcase name="TC4-Validate Home Page Footer Social Media Navigation #1" classname="HomePage" time="9.836">
        <failure>java.lang.AssertionError&#13;
	at org.junit.Assert.fail(Assert.java:87)&#13;
	at org.junit.Assert.assertTrue(Assert.java:42)&#13;
	at org.junit.Assert.assertTrue(Assert.java:53)&#13;
	at stepDefinitions.stepDefs.i_validate_the_footer_bar_is_present(stepDefs.java:89)&#13;
	at ✽.I validate the FooterBar Social Media "Facebook" is present(file:///C:/eclipse-workspace_BridgestoneTestNG/eclipse-workspace_BridgestoneTestNG/./Features/HomePage.feature:8)&#13;
&#13;
</failure>
      </testcase>
      <testcase name="TC4-Validate Home Page Footer Social Media Navigation #2" classname="HomePage" time="8.475">
        <failure>java.lang.AssertionError&#13;
	at org.junit.Assert.fail(Assert.java:87)&#13;
	at org.junit.Assert.assertTrue(Assert.java:42)&#13;
	at org.junit.Assert.assertTrue(Assert.java:53)&#13;
	at stepDefinitions.stepDefs.i_validate_the_footer_bar_is_present(stepDefs.java:89)&#13;
	at ✽.I validate the FooterBar Social Media "Instagram" is present(file:///C:/eclipse-workspace_BridgestoneTestNG/eclipse-workspace_BridgestoneTestNG/./Features/HomePage.feature:8)&#13;
&#13;
</failure>
      </testcase>
    </testsuite>
  </testsuite>
</testrun>
