<?xml version="1.0" encoding="UTF-8"?><testrun name="TestRunner" project="eclipse-workspace_BridgestoneTestNG" tests="5" started="5" failures="0" errors="5" ignored="0">
  <testsuite name="testRunner.TestRunner" time="0.267">
    <testsuite name="HomePage" time="0.267">
      <testcase name="Validate Home Page Layout #1" classname="HomePage" time="0.208">
        <error>io.cucumber.junit.UndefinedStepException: The step 'I validate the "Shop for Tyres
By Vehicle" are present' is undefined.
You can implement this step using the snippet(s) below:

@Then("I validate the {string} are present")
public void i_validate_the_are_present(String string) {
    // Write code here that turns the phrase above into concrete actions
    throw new io.cucumber.java.PendingException();
}
&#13;
&#13;
</error>
      </testcase>
      <testcase name="Validate Home Page Layout #2" classname="HomePage" time="0.014">
        <error>io.cucumber.junit.UndefinedStepException: The step 'I validate the "Shop for Tyres
By Tyre Size" are present' is undefined.
You can implement this step using the snippet(s) below:

@Then("I validate the {string} are present")
public void i_validate_the_are_present(String string) {
    // Write code here that turns the phrase above into concrete actions
    throw new io.cucumber.java.PendingException();
}
&#13;
&#13;
</error>
      </testcase>
      <testcase name="Validate Home Page Layout #3" classname="HomePage" time="0.013">
        <error>io.cucumber.junit.UndefinedStepException: The step 'I validate the "Shop for Tyres
By Brand" are present' is undefined.
You can implement this step using the snippet(s) below:

@Then("I validate the {string} are present")
public void i_validate_the_are_present(String string) {
    // Write code here that turns the phrase above into concrete actions
    throw new io.cucumber.java.PendingException();
}
&#13;
&#13;
</error>
      </testcase>
      <testcase name="Validate Home Page Layout #4" classname="HomePage" time="0.019">
        <error>io.cucumber.junit.UndefinedStepException: The step 'I validate the "FIND A STORE" are present' is undefined.
You can implement this step using the snippet(s) below:

@Then("I validate the {string} are present")
public void i_validate_the_are_present(String string) {
    // Write code here that turns the phrase above into concrete actions
    throw new io.cucumber.java.PendingException();
}
&#13;
&#13;
</error>
      </testcase>
      <testcase name="Validate Home Page Layout #5" classname="HomePage" time="0.012">
        <error>io.cucumber.junit.UndefinedStepException: The step 'I validate the "EN" are present' is undefined.
You can implement this step using the snippet(s) below:

@Then("I validate the {string} are present")
public void i_validate_the_are_present(String string) {
    // Write code here that turns the phrase above into concrete actions
    throw new io.cucumber.java.PendingException();
}
&#13;
&#13;
</error>
      </testcase>
    </testsuite>
  </testsuite>
</testrun>
