<?xml version="1.0" encoding="UTF-8"?><testrun name="TestRunner" project="eclipse-workspace_BridgestoneTestNG" tests="8" started="8" failures="1" errors="0" ignored="0">
  <testsuite name="testRunner.TestRunner" time="75.73">
    <testsuite name="HomePage" time="75.73">
      <testcase name="TC3-Validate Home Page Footer Navigation #1" classname="HomePage" time="10.574">
        <failure>java.lang.AssertionError&#13;
	at org.junit.Assert.fail(Assert.java:87)&#13;
	at org.junit.Assert.assertTrue(Assert.java:42)&#13;
	at org.junit.Assert.assertTrue(Assert.java:53)&#13;
	at stepDefinitions.stepDefs.i_validate_the_footer_bars_is_present(stepDefs.java:78)&#13;
	at âœ½.I validate the FooterBars "TYRES BY TYPE" is present(file:///C:/eclipse-workspace_BridgestoneTestNG/eclipse-workspace_BridgestoneTestNG/./Features/HomePage.feature:9)&#13;
&#13;
</failure>
      </testcase>
      <testcase name="TC3-Validate Home Page Footer Navigation #2" classname="HomePage" time="10.041"/>
      <testcase name="TC3-Validate Home Page Footer Navigation #3" classname="HomePage" time="9.469"/>
      <testcase name="TC3-Validate Home Page Footer Navigation #4" classname="HomePage" time="10.432"/>
      <testcase name="TC3-Validate Home Page Footer Navigation #5" classname="HomePage" time="8.208"/>
      <testcase name="TC3-Validate Home Page Footer Navigation #6" classname="HomePage" time="8.243"/>
      <testcase name="TC3-Validate Home Page Footer Navigation #7" classname="HomePage" time="9.58"/>
      <testcase name="TC3-Validate Home Page Footer Navigation #8" classname="HomePage" time="9.18"/>
    </testsuite>
  </testsuite>
</testrun>
