<?xml version="1.0" encoding="UTF-8"?><testrun name="TestRunner" project="eclipse-workspace_BridgestoneTestNG" tests="1" started="1" failures="1" errors="0" ignored="0">
  <testsuite name="testRunner.TestRunner" time="6.21">
    <testsuite name="HomePage" time="6.21">
      <testcase name="TC3-Validate Home Page Footer Navigation" classname="HomePage" time="6.21">
        <failure>java.lang.AssertionError&#13;
	at org.junit.Assert.fail(Assert.java:87)&#13;
	at org.junit.Assert.assertTrue(Assert.java:42)&#13;
	at org.junit.Assert.assertTrue(Assert.java:53)&#13;
	at stepDefinitions.stepDefs.i_validate_the_footer_bars_is_present(stepDefs.java:77)&#13;
	at âœ½.I validate the FooterBars "TYRES BY TYPE" is present(file:///C:/eclipse-workspace_BridgestoneTestNG/eclipse-workspace_BridgestoneTestNG/./Features/HomePage.feature:9)&#13;
&#13;
</failure>
      </testcase>
    </testsuite>
  </testsuite>
</testrun>
